C:\ProgramData\Anaconda3\envs\ML\python.exe C:\Users\Administrator\AppData\Local\JetBrains\Toolbox\apps\PyCharm-P\ch-0\221.5591.52\plugins\python\helpers\pydev\pydevd.py --multiprocess --qt-support=auto --client 127.0.0.1 --port 49431 --file D:/Projects/DouZero/my_tencent.py
Connected to pydev debugger (build 221.5591.52)
请输入三张底牌：请输入您的角色（0-地主上家, 1-地主, 2-地主下家）：{'three_landlord_cards': [8, 12, 30], 'landlord': [30, 20, 17, 14, 14, 13, 12, 12, 11, 11, 10, 8, 8, 6, 5, 5, 4, 4, 3, 3], 'landlord_down': [3, 3, 4, 4, 5, 5, 6, 6, 6, 7, 7, 7, 7, 8, 8, 9, 9], 'landlord_up': [9, 9, 10, 10, 10, 11, 11, 12, 12, 13, 13, 13, 14, 14, 17, 17, 17]}
当前胜率：38% 请玩家出牌：['3', '3', '4', '4', '5', '5'] 剩余手牌：['D', 'X', '2', 'A', 'A', 'K', 'Q', 'Q', 'J', 'J', 'T', '8', '8', '6', '5', '5', '4', '4', '3', '3']

landlord出牌：['3', '3', '4', '4', '5', '5']
landlord_down出牌：['7', '7', '6', '6', '5', '5']
landlord_up出牌：[]
当前胜率：29% 请玩家出牌：[] 剩余手牌：['6', '8', '8', 'T', 'J', 'J', 'Q', 'Q', 'K', 'A', 'A', '2', 'X', 'D']

landlord出牌：[]
landlord_down出牌：['9', '9', '9', '3']
landlord_up出牌：[]
当前胜率：30% 请玩家出牌：[] 剩余手牌：['6', '8', '8', 'T', 'J', 'J', 'Q', 'Q', 'K', 'A', 'A', '2', 'X', 'D']

landlord出牌：[]
landlord_down出牌：['10', '10']
landlord_up出牌：['J', 'J']
当前胜率：43% 请玩家出牌：['Q', 'Q'] 剩余手牌：['6', '8', '8', 'T', 'J', 'J', 'Q', 'Q', 'K', 'A', 'A', '2', 'X', 'D']

landlord出牌：['Q', 'Q']
landlord_down出牌：['2', '2']
landlord_up出牌：[]
当前胜率：62% 请玩家出牌：[] 剩余手牌：['6', '8', '8', 'T', 'J', 'J', 'K', 'A', 'A', '2', 'X', 'D']

landlord出牌：[]
landlord_down出牌：['8']
landlord_up出牌：['2']
当前胜率：44% 请玩家出牌：['X'] 剩余手牌：['6', '8', '8', 'T', 'J', 'J', 'K', 'A', 'A', '2', 'X', 'D']

landlord出牌：['X']
landlord_down出牌：[]
landlord_up出牌：[]
当前胜率：3% 请玩家出牌：['T'] 剩余手牌：['6', '8', '8', 'T', 'J', 'J', 'K', 'A', 'A', '2', 'D']

landlord出牌：['10']
landlord_down出牌：['Q']
landlord_up出牌：[]
当前胜率：7% 请玩家出牌：['D'] 剩余手牌：['6', '8', '8', 'J', 'J', 'K', 'A', 'A', '2', 'D']

landlord出牌：['D']
landlord_down出牌：[]
landlord_up出牌：[]
当前胜率：17% 请玩家出牌：['J', 'J'] 剩余手牌：['6', '8', '8', 'J', 'J', 'K', 'A', 'A', '2']

landlord出牌：['J', 'J']
landlord_down出牌：[]
landlord_up出牌：['A', 'A']
当前胜率：76% 请玩家出牌：[] 剩余手牌：['6', '8', '8', 'K', 'A', 'A', '2']

landlord出牌：[]
landlord_down出牌：[]
landlord_up出牌：['3']
当前胜率：93% 请玩家出牌：['2'] 剩余手牌：['6', '8', '8', 'K', 'A', 'A', '2']

landlord出牌：['2']
landlord_down出牌：[]
landlord_up出牌：[]
当前胜率：95% 请玩家出牌：['K'] 剩余手牌：['6', '8', '8', 'K', 'A', 'A']

landlord出牌：['K']
landlord_down出牌：[]
landlord_up出牌：[]
当前胜率：94% 请玩家出牌：['8', '8'] 剩余手牌：['6', '8', '8', 'A', 'A']

landlord出牌：['8', '8']
landlord_down出牌：[]
landlord_up出牌：['K', 'K']
当前胜率：97% 请玩家出牌：['A', 'A'] 剩余手牌：['6', 'A', 'A']

landlord出牌：['A', 'A']
landlord_down出牌：[]
landlord_up出牌：['4']
当前胜率：98% 请玩家出牌：['6'] 剩余手牌：['6']

landlord出牌：['6']
+---------------+--------------------------------+-------------------------------------------------------------------------------------------------------+
|      角色     |              出牌              |                                                  手牌                                                 |
+---------------+--------------------------------+-------------------------------------------------------------------------------------------------------+
|    landlord   | ['3', '3', '4', '4', '5', '5'] | ['D', 'X', '2', 'A', 'A', 'K', 'Q', 'Q', 'J', 'J', '10', '8', '8', '6', '5', '5', '4', '4', '3', '3'] |
| landlord_down | ['7', '7', '6', '6', '5', '5'] |         ['3', '3', '4', '4', '5', '5', '6', '6', '6', '7', '7', '7', '7', '8', '8', '9', '9']         |
|  landlord_up  |               []               |        ['9', '9', '10', '10', '10', 'J', 'J', 'Q', 'Q', 'K', 'K', 'K', 'A', 'A', '2', '2', '2']       |
|    landlord   |               []               |                ['6', '8', '8', '10', 'J', 'J', 'Q', 'Q', 'K', 'A', 'A', '2', 'X', 'D']                |
| landlord_down |      ['9', '9', '9', '3']      |                        ['6', '6', '6', '7', '7', '7', '7', '8', '8', '9', '9']                        |
|  landlord_up  |               []               |        ['9', '9', '10', '10', '10', 'J', 'J', 'Q', 'Q', 'K', 'K', 'K', 'A', 'A', '2', '2', '2']       |
|    landlord   |               []               |                ['6', '8', '8', '10', 'J', 'J', 'Q', 'Q', 'K', 'A', 'A', '2', 'X', 'D']                |
| landlord_down |          ['10', '10']          |                                  ['7', '7', '7', '8', '8', '9', '9']                                  |
|  landlord_up  |           ['J', 'J']           |        ['9', '9', '10', '10', '10', 'J', 'J', 'Q', 'Q', 'K', 'K', 'K', 'A', 'A', '2', '2', '2']       |
|    landlord   |           ['Q', 'Q']           |                ['6', '8', '8', '10', 'J', 'J', 'Q', 'Q', 'K', 'A', 'A', '2', 'X', 'D']                |
| landlord_down |           ['2', '2']           |                                       ['7', '8', '8', '9', '9']                                       |
|  landlord_up  |               []               |             ['10', '10', '10', 'J', 'J', 'Q', 'Q', 'K', 'K', 'K', 'A', 'A', '2', '2', '2']            |
|    landlord   |               []               |                     ['6', '8', '8', '10', 'J', 'J', 'K', 'A', 'A', '2', 'X', 'D']                     |
| landlord_down |             ['8']              |                                            ['8', '9', '9']                                            |
|  landlord_up  |             ['2']              |             ['10', '10', '10', 'J', 'J', 'Q', 'Q', 'K', 'K', 'K', 'A', 'A', '2', '2', '2']            |
|    landlord   |             ['X']              |                     ['6', '8', '8', '10', 'J', 'J', 'K', 'A', 'A', '2', 'X', 'D']                     |
| landlord_down |               []               |                                               ['9', '9']                                              |
|  landlord_up  |               []               |                ['10', '10', 'J', 'J', 'Q', 'Q', 'K', 'K', 'K', 'A', 'A', '2', '2', '2']               |
|    landlord   |             ['10']             |                        ['6', '8', '8', '10', 'J', 'J', 'K', 'A', 'A', '2', 'D']                       |
| landlord_down |             ['Q']              |                                               ['9', '9']                                              |
|  landlord_up  |               []               |                ['10', '10', 'J', 'J', 'Q', 'Q', 'K', 'K', 'K', 'A', 'A', '2', '2', '2']               |
|    landlord   |             ['D']              |                           ['6', '8', '8', 'J', 'J', 'K', 'A', 'A', '2', 'D']                          |
| landlord_down |               []               |                                                 ['9']                                                 |
|  landlord_up  |               []               |                ['10', '10', 'J', 'J', 'Q', 'Q', 'K', 'K', 'K', 'A', 'A', '2', '2', '2']               |
|    landlord   |           ['J', 'J']           |                             ['6', '8', '8', 'J', 'J', 'K', 'A', 'A', '2']                             |
| landlord_down |               []               |                                                 ['9']                                                 |
|  landlord_up  |           ['A', 'A']           |                ['10', '10', 'J', 'J', 'Q', 'Q', 'K', 'K', 'K', 'A', 'A', '2', '2', '2']               |
|    landlord   |               []               |                                  ['6', '8', '8', 'K', 'A', 'A', '2']                                  |
| landlord_down |               []               |                                                 ['9']                                                 |
|  landlord_up  |             ['3']              |                      ['J', 'J', 'Q', 'Q', 'K', 'K', 'K', 'A', 'A', '2', '2', '2']                     |
|    landlord   |             ['2']              |                                  ['6', '8', '8', 'K', 'A', 'A', '2']                                  |
| landlord_down |               []               |                                                 ['9']                                                 |
|  landlord_up  |               []               |                        ['J', 'Q', 'Q', 'K', 'K', 'K', 'A', 'A', '2', '2', '2']                        |
|    landlord   |             ['K']              |                                     ['6', '8', '8', 'K', 'A', 'A']                                    |
| landlord_down |               []               |                                                 ['9']                                                 |
|  landlord_up  |               []               |                        ['J', 'Q', 'Q', 'K', 'K', 'K', 'A', 'A', '2', '2', '2']                        |
|    landlord   |           ['8', '8']           |                                       ['6', '8', '8', 'A', 'A']                                       |
| landlord_down |               []               |                                                 ['9']                                                 |
|  landlord_up  |           ['K', 'K']           |                        ['J', 'Q', 'Q', 'K', 'K', 'K', 'A', 'A', '2', '2', '2']                        |
|    landlord   |           ['A', 'A']           |                                            ['6', 'A', 'A']                                            |
| landlord_down |               []               |                                                 ['9']                                                 |
|  landlord_up  |             ['4']              |                             ['Q', 'K', 'K', 'K', 'A', 'A', '2', '2', '2']                             |
|    landlord   |             ['6']              |                                                 ['6']                                                 |
+---------------+--------------------------------+-------------------------------------------------------------------------------------------------------+
获胜次数（地主/农民） [1 : 0] 获胜得分（地主/农民） [2 : -2]

Process finished with exit code 0
